This is pdfTeX, Version 3.14159265-2.6-1.40.17 (TeX Live 2016) (preloaded format=pdflatex 2016.5.22)  8 NOV 2018 21:51
entering extended mode
 restricted \write18 enabled.
 %&-line parsing enabled.
**lecture10.tex
(./lecture10.tex
LaTeX2e <2016/03/31>
Babel <3.9r> and hyphenation patterns for 83 language(s) loaded.
(../../macro/beamer_macro.tex
(/usr/local/texlive/2016/texmf-dist/tex/latex/beamer/beamer.cls
(/usr/local/texlive/2016/texmf-dist/tex/latex/beamer/beamerbasercs.sty
Package: beamerbasercs 2015/03/08 (rcs-revision 368aa9ba9d38)
)
Document Class: beamer 2015/01/05 3.36 A class for typesetting presentations (r
cs-revision 8a39122e1f63)
(/usr/local/texlive/2016/texmf-dist/tex/latex/beamer/beamerbasemodes.sty
Package: beamerbasemodes 2013/09/03 (rcs-revision 768f2d98ca64)
\beamer@tempbox=\box26
\beamer@tempcount=\count79
\c@beamerpauses=\count80

(/usr/local/texlive/2016/texmf-dist/tex/latex/beamer/beamerbasedecode.sty
Package: beamerbasedecode 2010/05/01 (rcs-revision efa082c6111d)
\beamer@slideinframe=\count81
\beamer@minimum=\count82
)
\beamer@commentbox=\box27
\beamer@modecount=\count83
)
(/usr/local/texlive/2016/texmf-dist/tex/generic/oberdiek/ifpdf.sty
Package: ifpdf 2016/05/14 v3.1 Provides the ifpdf switch
)
\headheight=\dimen102
\headdp=\dimen103
\footheight=\dimen104
\sidebarheight=\dimen105
\beamer@tempdim=\dimen106
\beamer@finalheight=\dimen107
\beamer@animht=\dimen108
\beamer@animdp=\dimen109
\beamer@animwd=\dimen110
\beamer@leftmargin=\dimen111
\beamer@rightmargin=\dimen112
\beamer@leftsidebar=\dimen113
\beamer@rightsidebar=\dimen114
\beamer@boxsize=\dimen115
\beamer@vboxoffset=\dimen116
\beamer@descdefault=\dimen117
\beamer@descriptionwidth=\dimen118
\beamer@lastskip=\skip41
\beamer@areabox=\box28
\beamer@animcurrent=\box29
\beamer@animshowbox=\box30
\beamer@sectionbox=\box31
\beamer@logobox=\box32
\beamer@linebox=\box33
\beamer@sectioncount=\count84
\beamer@subsubsectionmax=\count85
\beamer@subsectionmax=\count86
\beamer@sectionmax=\count87
\beamer@totalheads=\count88
\beamer@headcounter=\count89
\beamer@partstartpage=\count90
\beamer@sectionstartpage=\count91
\beamer@subsectionstartpage=\count92
\beamer@animationtempa=\count93
\beamer@animationtempb=\count94
\beamer@xpos=\count95
\beamer@ypos=\count96
\beamer@showpartnumber=\count97
\beamer@currentsubsection=\count98
\beamer@coveringdepth=\count99
\beamer@sectionadjust=\count100
\beamer@tocsectionnumber=\count101

(/usr/local/texlive/2016/texmf-dist/tex/latex/beamer/beamerbaseoptions.sty
Package: beamerbaseoptions 2013/03/10 (rcs-revision 47431932db0d)

(/usr/local/texlive/2016/texmf-dist/tex/latex/graphics/keyval.sty
Package: keyval 2014/10/28 v1.15 key=value parser (DPC)
\KV@toks@=\toks14
))
\beamer@paperwidth=\skip42
\beamer@paperheight=\skip43

(/usr/local/texlive/2016/texmf-dist/tex/latex/geometry/geometry.sty
Package: geometry 2010/09/12 v5.6 Page Geometry

(/usr/local/texlive/2016/texmf-dist/tex/generic/oberdiek/ifvtex.sty
Package: ifvtex 2016/05/16 v1.6 Detect VTeX and its facilities (HO)
Package ifvtex Info: VTeX not detected.
)
(/usr/local/texlive/2016/texmf-dist/tex/generic/ifxetex/ifxetex.sty
Package: ifxetex 2010/09/12 v0.6 Provides ifxetex conditional
)
\Gm@cnth=\count102
\Gm@cntv=\count103
\c@Gm@tempcnt=\count104
\Gm@bindingoffset=\dimen119
\Gm@wd@mp=\dimen120
\Gm@odd@mp=\dimen121
\Gm@even@mp=\dimen122
\Gm@layoutwidth=\dimen123
\Gm@layoutheight=\dimen124
\Gm@layouthoffset=\dimen125
\Gm@layoutvoffset=\dimen126
\Gm@dimlist=\toks15
)
(/usr/local/texlive/2016/texmf-dist/tex/latex/base/size12.clo
File: size12.clo 2014/09/29 v1.4h Standard LaTeX file (size option)
)
(/usr/local/texlive/2016/texmf-dist/tex/latex/pgf/basiclayer/pgfcore.sty
(/usr/local/texlive/2016/texmf-dist/tex/latex/graphics/graphicx.sty
Package: graphicx 2014/10/28 v1.0g Enhanced LaTeX Graphics (DPC,SPQR)

(/usr/local/texlive/2016/texmf-dist/tex/latex/graphics/graphics.sty
Package: graphics 2016/05/09 v1.0r Standard LaTeX Graphics (DPC,SPQR)

(/usr/local/texlive/2016/texmf-dist/tex/latex/graphics/trig.sty
Package: trig 2016/01/03 v1.10 sin cos tan (DPC)
)
(/usr/local/texlive/2016/texmf-dist/tex/latex/graphics-cfg/graphics.cfg
File: graphics.cfg 2016/01/02 v1.10 sample graphics configuration
)
Package graphics Info: Driver file: pdftex.def on input line 96.

(/usr/local/texlive/2016/texmf-dist/tex/latex/pdftex-def/pdftex.def
File: pdftex.def 2011/05/27 v0.06d Graphics/color for pdfTeX

(/usr/local/texlive/2016/texmf-dist/tex/generic/oberdiek/infwarerr.sty
Package: infwarerr 2016/05/16 v1.4 Providing info/warning/error messages (HO)
)
(/usr/local/texlive/2016/texmf-dist/tex/generic/oberdiek/ltxcmds.sty
Package: ltxcmds 2016/05/16 v1.23 LaTeX kernel commands for general use (HO)
)
\Gread@gobject=\count105
))
\Gin@req@height=\dimen127
\Gin@req@width=\dimen128
)
(/usr/local/texlive/2016/texmf-dist/tex/latex/pgf/systemlayer/pgfsys.sty
(/usr/local/texlive/2016/texmf-dist/tex/latex/pgf/utilities/pgfrcs.sty
(/usr/local/texlive/2016/texmf-dist/tex/generic/pgf/utilities/pgfutil-common.te
x
\pgfutil@everybye=\toks16
\pgfutil@tempdima=\dimen129
\pgfutil@tempdimb=\dimen130

(/usr/local/texlive/2016/texmf-dist/tex/generic/pgf/utilities/pgfutil-common-li
sts.tex))
(/usr/local/texlive/2016/texmf-dist/tex/generic/pgf/utilities/pgfutil-latex.def
\pgfutil@abb=\box34
(/usr/local/texlive/2016/texmf-dist/tex/latex/ms/everyshi.sty
Package: everyshi 2001/05/15 v3.00 EveryShipout Package (MS)
))
(/usr/local/texlive/2016/texmf-dist/tex/generic/pgf/utilities/pgfrcs.code.tex
Package: pgfrcs 2015/08/07 v3.0.1a (rcs-revision 1.31)
))
(/usr/local/texlive/2016/texmf-dist/tex/generic/pgf/systemlayer/pgfsys.code.tex
Package: pgfsys 2014/07/09 v3.0.1a (rcs-revision 1.48)
(/usr/local/texlive/2016/texmf-dist/tex/generic/pgf/utilities/pgfkeys.code.tex
\pgfkeys@pathtoks=\toks17
\pgfkeys@temptoks=\toks18

(/usr/local/texlive/2016/texmf-dist/tex/generic/pgf/utilities/pgfkeysfiltered.c
ode.tex
\pgfkeys@tmptoks=\toks19
))
\pgf@x=\dimen131
\pgf@y=\dimen132
\pgf@xa=\dimen133
\pgf@ya=\dimen134
\pgf@xb=\dimen135
\pgf@yb=\dimen136
\pgf@xc=\dimen137
\pgf@yc=\dimen138
\w@pgf@writea=\write3
\r@pgf@reada=\read1
\c@pgf@counta=\count106
\c@pgf@countb=\count107
\c@pgf@countc=\count108
\c@pgf@countd=\count109
\t@pgf@toka=\toks20
\t@pgf@tokb=\toks21
\t@pgf@tokc=\toks22

(/usr/local/texlive/2016/texmf-dist/tex/generic/pgf/systemlayer/pgf.cfg
File: pgf.cfg 2008/05/14  (rcs-revision 1.7)
)
Driver file for pgf: pgfsys-pdftex.def

(/usr/local/texlive/2016/texmf-dist/tex/generic/pgf/systemlayer/pgfsys-pdftex.d
ef
File: pgfsys-pdftex.def 2014/10/11  (rcs-revision 1.35)

(/usr/local/texlive/2016/texmf-dist/tex/generic/pgf/systemlayer/pgfsys-common-p
df.def
File: pgfsys-common-pdf.def 2013/10/10  (rcs-revision 1.13)
)))
(/usr/local/texlive/2016/texmf-dist/tex/generic/pgf/systemlayer/pgfsyssoftpath.
code.tex
File: pgfsyssoftpath.code.tex 2013/09/09  (rcs-revision 1.9)
\pgfsyssoftpath@smallbuffer@items=\count110
\pgfsyssoftpath@bigbuffer@items=\count111
)
(/usr/local/texlive/2016/texmf-dist/tex/generic/pgf/systemlayer/pgfsysprotocol.
code.tex
File: pgfsysprotocol.code.tex 2006/10/16  (rcs-revision 1.4)
)) (/usr/local/texlive/2016/texmf-dist/tex/latex/xcolor/xcolor.sty
Package: xcolor 2016/05/11 v2.12 LaTeX color extensions (UK)

(/usr/local/texlive/2016/texmf-dist/tex/latex/graphics-cfg/color.cfg
File: color.cfg 2016/01/02 v1.6 sample color configuration
)
Package xcolor Info: Driver file: pdftex.def on input line 225.
Package xcolor Info: Model `cmy' substituted by `cmy0' on input line 1348.
Package xcolor Info: Model `hsb' substituted by `rgb' on input line 1352.
Package xcolor Info: Model `RGB' extended on input line 1364.
Package xcolor Info: Model `HTML' substituted by `rgb' on input line 1366.
Package xcolor Info: Model `Hsb' substituted by `hsb' on input line 1367.
Package xcolor Info: Model `tHsb' substituted by `hsb' on input line 1368.
Package xcolor Info: Model `HSB' substituted by `hsb' on input line 1369.
Package xcolor Info: Model `Gray' substituted by `gray' on input line 1370.
Package xcolor Info: Model `wave' substituted by `hsb' on input line 1371.
)
(/usr/local/texlive/2016/texmf-dist/tex/generic/pgf/basiclayer/pgfcore.code.tex
Package: pgfcore 2010/04/11 v3.0.1a (rcs-revision 1.7)
(/usr/local/texlive/2016/texmf-dist/tex/generic/pgf/math/pgfmath.code.tex
(/usr/local/texlive/2016/texmf-dist/tex/generic/pgf/math/pgfmathcalc.code.tex
(/usr/local/texlive/2016/texmf-dist/tex/generic/pgf/math/pgfmathutil.code.tex)
(/usr/local/texlive/2016/texmf-dist/tex/generic/pgf/math/pgfmathparser.code.tex
\pgfmath@dimen=\dimen139
\pgfmath@count=\count112
\pgfmath@box=\box35
\pgfmath@toks=\toks23
\pgfmath@stack@operand=\toks24
\pgfmath@stack@operation=\toks25
)
(/usr/local/texlive/2016/texmf-dist/tex/generic/pgf/math/pgfmathfunctions.code.
tex
(/usr/local/texlive/2016/texmf-dist/tex/generic/pgf/math/pgfmathfunctions.basic
.code.tex)
(/usr/local/texlive/2016/texmf-dist/tex/generic/pgf/math/pgfmathfunctions.trigo
nometric.code.tex)
(/usr/local/texlive/2016/texmf-dist/tex/generic/pgf/math/pgfmathfunctions.rando
m.code.tex)
(/usr/local/texlive/2016/texmf-dist/tex/generic/pgf/math/pgfmathfunctions.compa
rison.code.tex)
(/usr/local/texlive/2016/texmf-dist/tex/generic/pgf/math/pgfmathfunctions.base.
code.tex)
(/usr/local/texlive/2016/texmf-dist/tex/generic/pgf/math/pgfmathfunctions.round
.code.tex)
(/usr/local/texlive/2016/texmf-dist/tex/generic/pgf/math/pgfmathfunctions.misc.
code.tex)
(/usr/local/texlive/2016/texmf-dist/tex/generic/pgf/math/pgfmathfunctions.integ
erarithmetics.code.tex)))
(/usr/local/texlive/2016/texmf-dist/tex/generic/pgf/math/pgfmathfloat.code.tex
\c@pgfmathroundto@lastzeros=\count113
))
(/usr/local/texlive/2016/texmf-dist/tex/generic/pgf/basiclayer/pgfcorepoints.co
de.tex
File: pgfcorepoints.code.tex 2013/10/07  (rcs-revision 1.27)
\pgf@picminx=\dimen140
\pgf@picmaxx=\dimen141
\pgf@picminy=\dimen142
\pgf@picmaxy=\dimen143
\pgf@pathminx=\dimen144
\pgf@pathmaxx=\dimen145
\pgf@pathminy=\dimen146
\pgf@pathmaxy=\dimen147
\pgf@xx=\dimen148
\pgf@xy=\dimen149
\pgf@yx=\dimen150
\pgf@yy=\dimen151
\pgf@zx=\dimen152
\pgf@zy=\dimen153
)
(/usr/local/texlive/2016/texmf-dist/tex/generic/pgf/basiclayer/pgfcorepathconst
ruct.code.tex
File: pgfcorepathconstruct.code.tex 2013/10/07  (rcs-revision 1.29)
\pgf@path@lastx=\dimen154
\pgf@path@lasty=\dimen155
)
(/usr/local/texlive/2016/texmf-dist/tex/generic/pgf/basiclayer/pgfcorepathusage
.code.tex
File: pgfcorepathusage.code.tex 2014/11/02  (rcs-revision 1.24)
\pgf@shorten@end@additional=\dimen156
\pgf@shorten@start@additional=\dimen157
)
(/usr/local/texlive/2016/texmf-dist/tex/generic/pgf/basiclayer/pgfcorescopes.co
de.tex
File: pgfcorescopes.code.tex 2015/05/08  (rcs-revision 1.46)
\pgfpic=\box36
\pgf@hbox=\box37
\pgf@layerbox@main=\box38
\pgf@picture@serial@count=\count114
)
(/usr/local/texlive/2016/texmf-dist/tex/generic/pgf/basiclayer/pgfcoregraphicst
ate.code.tex
File: pgfcoregraphicstate.code.tex 2014/11/02  (rcs-revision 1.12)
\pgflinewidth=\dimen158
)
(/usr/local/texlive/2016/texmf-dist/tex/generic/pgf/basiclayer/pgfcoretransform
ations.code.tex
File: pgfcoretransformations.code.tex 2015/08/07  (rcs-revision 1.20)
\pgf@pt@x=\dimen159
\pgf@pt@y=\dimen160
\pgf@pt@temp=\dimen161
)
(/usr/local/texlive/2016/texmf-dist/tex/generic/pgf/basiclayer/pgfcorequick.cod
e.tex
File: pgfcorequick.code.tex 2008/10/09  (rcs-revision 1.3)
)
(/usr/local/texlive/2016/texmf-dist/tex/generic/pgf/basiclayer/pgfcoreobjects.c
ode.tex
File: pgfcoreobjects.code.tex 2006/10/11  (rcs-revision 1.2)
)
(/usr/local/texlive/2016/texmf-dist/tex/generic/pgf/basiclayer/pgfcorepathproce
ssing.code.tex
File: pgfcorepathprocessing.code.tex 2013/09/09  (rcs-revision 1.9)
)
(/usr/local/texlive/2016/texmf-dist/tex/generic/pgf/basiclayer/pgfcorearrows.co
de.tex
File: pgfcorearrows.code.tex 2015/05/14  (rcs-revision 1.43)
\pgfarrowsep=\dimen162
)
(/usr/local/texlive/2016/texmf-dist/tex/generic/pgf/basiclayer/pgfcoreshade.cod
e.tex
File: pgfcoreshade.code.tex 2013/07/15  (rcs-revision 1.15)
\pgf@max=\dimen163
\pgf@sys@shading@range@num=\count115
)
(/usr/local/texlive/2016/texmf-dist/tex/generic/pgf/basiclayer/pgfcoreimage.cod
e.tex
File: pgfcoreimage.code.tex 2013/07/15  (rcs-revision 1.18)

(/usr/local/texlive/2016/texmf-dist/tex/generic/pgf/basiclayer/pgfcoreexternal.
code.tex
File: pgfcoreexternal.code.tex 2014/07/09  (rcs-revision 1.21)
\pgfexternal@startupbox=\box39
))
(/usr/local/texlive/2016/texmf-dist/tex/generic/pgf/basiclayer/pgfcorelayers.co
de.tex
File: pgfcorelayers.code.tex 2013/07/18  (rcs-revision 1.7)
)
(/usr/local/texlive/2016/texmf-dist/tex/generic/pgf/basiclayer/pgfcoretranspare
ncy.code.tex
File: pgfcoretransparency.code.tex 2013/09/30  (rcs-revision 1.5)
)
(/usr/local/texlive/2016/texmf-dist/tex/generic/pgf/basiclayer/pgfcorepatterns.
code.tex
File: pgfcorepatterns.code.tex 2013/11/07  (rcs-revision 1.5)
)))
(/usr/local/texlive/2016/texmf-dist/tex/latex/pgf/utilities/xxcolor.sty
Package: xxcolor 2003/10/24 ver 0.1
\XC@nummixins=\count116
\XC@countmixins=\count117
)
(/usr/local/texlive/2016/texmf-dist/tex/generic/oberdiek/atbegshi.sty
Package: atbegshi 2016/05/16 v1.17 At begin shipout hook (HO)
)
(/usr/local/texlive/2016/texmf-dist/tex/latex/hyperref/hyperref.sty
Package: hyperref 2016/05/05 v6.83n Hypertext links for LaTeX

(/usr/local/texlive/2016/texmf-dist/tex/generic/oberdiek/hobsub-hyperref.sty
Package: hobsub-hyperref 2016/05/16 v1.14 Bundle oberdiek, subset hyperref (HO)


(/usr/local/texlive/2016/texmf-dist/tex/generic/oberdiek/hobsub-generic.sty
Package: hobsub-generic 2016/05/16 v1.14 Bundle oberdiek, subset generic (HO)
Package: hobsub 2016/05/16 v1.14 Construct package bundles (HO)
Package hobsub Info: Skipping package `infwarerr' (already loaded).
Package hobsub Info: Skipping package `ltxcmds' (already loaded).
Package: ifluatex 2016/05/16 v1.4 Provides the ifluatex switch (HO)
Package ifluatex Info: LuaTeX not detected.
Package hobsub Info: Skipping package `ifvtex' (already loaded).
Package: intcalc 2016/05/16 v1.2 Expandable calculations with integers (HO)
Package hobsub Info: Skipping package `ifpdf' (already loaded).
Package: etexcmds 2016/05/16 v1.6 Avoid name clashes with e-TeX commands (HO)
Package etexcmds Info: Could not find \expanded.
(etexcmds)             That can mean that you are not using pdfTeX 1.50 or
(etexcmds)             that some package has redefined \expanded.
(etexcmds)             In the latter case, load this package earlier.
Package: kvsetkeys 2016/05/16 v1.17 Key value parser (HO)
Package: kvdefinekeys 2016/05/16 v1.4 Define keys (HO)
Package: pdftexcmds 2016/05/10 v0.21 Utility functions of pdfTeX for LuaTeX (HO
)
Package pdftexcmds Info: LuaTeX not detected.
Package pdftexcmds Info: \pdf@primitive is available.
Package pdftexcmds Info: \pdf@ifprimitive is available.
Package pdftexcmds Info: \pdfdraftmode found.
Package: pdfescape 2016/05/16 v1.14 Implements pdfTeX's escape features (HO)
Package: bigintcalc 2016/05/16 v1.4 Expandable calculations on big integers (HO
)
Package: bitset 2016/05/16 v1.2 Handle bit-vector datatype (HO)
Package: uniquecounter 2016/05/16 v1.3 Provide unlimited unique counter (HO)
)
Package hobsub Info: Skipping package `hobsub' (already loaded).
Package: letltxmacro 2016/05/16 v1.5 Let assignment for LaTeX macros (HO)
Package: hopatch 2016/05/16 v1.3 Wrapper for package hooks (HO)
Package: xcolor-patch 2016/05/16 xcolor patch
Package: atveryend 2016/05/16 v1.9 Hooks at the very end of document (HO)
Package atveryend Info: \enddocument detected (standard20110627).
Package hobsub Info: Skipping package `atbegshi' (already loaded).
Package: refcount 2016/05/16 v3.5 Data extraction from label references (HO)
Package: hycolor 2016/05/16 v1.8 Color options for hyperref/bookmark (HO)
)
(/usr/local/texlive/2016/texmf-dist/tex/latex/oberdiek/auxhook.sty
Package: auxhook 2016/05/16 v1.4 Hooks for auxiliary files (HO)
)
(/usr/local/texlive/2016/texmf-dist/tex/latex/oberdiek/kvoptions.sty
Package: kvoptions 2016/05/16 v3.12 Key value format for package options (HO)
)
\@linkdim=\dimen164
\Hy@linkcounter=\count118
\Hy@pagecounter=\count119

(/usr/local/texlive/2016/texmf-dist/tex/latex/hyperref/pd1enc.def
File: pd1enc.def 2016/05/05 v6.83n Hyperref: PDFDocEncoding definition (HO)
)
\Hy@SavedSpaceFactor=\count120

(/usr/local/texlive/2016/texmf-dist/tex/latex/latexconfig/hyperref.cfg
File: hyperref.cfg 2002/06/06 v1.2 hyperref configuration of TeXLive
)
Package hyperref Info: Option `bookmarks' set `true' on input line 4322.
Package hyperref Info: Option `bookmarksopen' set `true' on input line 4322.
Package hyperref Info: Option `implicit' set `false' on input line 4322.
Package hyperref Info: Hyper figures OFF on input line 4446.
Package hyperref Info: Link nesting OFF on input line 4451.
Package hyperref Info: Hyper index ON on input line 4454.
Package hyperref Info: Plain pages OFF on input line 4461.
Package hyperref Info: Backreferencing OFF on input line 4466.
Package hyperref Info: Implicit mode OFF; no redefinition of LaTeX internals.
Package hyperref Info: Bookmarks ON on input line 4691.
\c@Hy@tempcnt=\count121

(/usr/local/texlive/2016/texmf-dist/tex/latex/url/url.sty
\Urlmuskip=\muskip10
Package: url 2013/09/16  ver 3.4  Verb mode for urls, etc.
)
LaTeX Info: Redefining \url on input line 5044.
\XeTeXLinkMargin=\dimen165
\Fld@menulength=\count122
\Field@Width=\dimen166
\Fld@charsize=\dimen167
Package hyperref Info: Hyper figures OFF on input line 6298.
Package hyperref Info: Link nesting OFF on input line 6303.
Package hyperref Info: Hyper index ON on input line 6306.
Package hyperref Info: backreferencing OFF on input line 6313.
Package hyperref Info: Link coloring OFF on input line 6318.
Package hyperref Info: Link coloring with OCG OFF on input line 6323.
Package hyperref Info: PDF/A mode OFF on input line 6328.
LaTeX Info: Redefining \ref on input line 6368.
LaTeX Info: Redefining \pageref on input line 6372.
\Hy@abspage=\count123


Package hyperref Message: Stopped early.

)

Package hyperref Message: Driver (autodetected): hpdftex.

(/usr/local/texlive/2016/texmf-dist/tex/latex/hyperref/hpdftex.def
File: hpdftex.def 2016/05/05 v6.83n Hyperref driver for pdfTeX
\Fld@listcount=\count124
\c@bookmark@seq@number=\count125

(/usr/local/texlive/2016/texmf-dist/tex/latex/oberdiek/rerunfilecheck.sty
Package: rerunfilecheck 2016/05/16 v1.8 Rerun checks for auxiliary files (HO)
Package uniquecounter Info: New unique counter `rerunfilecheck' on input line 2
82.
))
(/usr/local/texlive/2016/texmf-dist/tex/latex/beamer/beamerbaserequires.sty
Package: beamerbaserequires 2010/05/01  (rcs-revision efa082c6111d)

(/usr/local/texlive/2016/texmf-dist/tex/latex/beamer/beamerbasecompatibility.st
y
Package: beamerbasecompatibility 2012/05/01  (rcs-revision 67c48b3b652d)
) (/usr/local/texlive/2016/texmf-dist/tex/latex/beamer/beamerbasefont.sty
Package: beamerbasefont 2015/01/05  (rcs-revision b4b4bee242e2)

(/usr/local/texlive/2016/texmf-dist/tex/latex/amsfonts/amssymb.sty
Package: amssymb 2013/01/14 v3.01 AMS font symbols

(/usr/local/texlive/2016/texmf-dist/tex/latex/amsfonts/amsfonts.sty
Package: amsfonts 2013/01/14 v3.01 Basic AMSFonts support
\@emptytoks=\toks26
\symAMSa=\mathgroup4
\symAMSb=\mathgroup5
LaTeX Font Info:    Overwriting math alphabet `\mathfrak' in version `bold'
(Font)                  U/euf/m/n --> U/euf/b/n on input line 106.
))
(/usr/local/texlive/2016/texmf-dist/tex/latex/sansmathaccent/sansmathaccent.sty
Package: sansmathaccent 2013/03/28
(/usr/local/texlive/2016/texmf-dist/tex/latex/filehook/filehook.sty
Package: filehook 2011/10/12 v0.5d Hooks for input files
)))
(/usr/local/texlive/2016/texmf-dist/tex/latex/beamer/beamerbasetranslator.sty
Package: beamerbasetranslator 2010/06/11  (rcs-revision 85fd1cc7fc42)

(/usr/local/texlive/2016/texmf-dist/tex/latex/beamer/translator/translator.sty
Package: translator 2010/06/12 ver 1.10

(/usr/local/texlive/2016/texmf-dist/tex/latex/beamer/translator/translator-lang
uage-mappings.tex)))
(/usr/local/texlive/2016/texmf-dist/tex/latex/beamer/beamerbasemisc.sty
Package: beamerbasemisc 2013/09/03  (rcs-revision a55719c41d85)
)
(/usr/local/texlive/2016/texmf-dist/tex/latex/beamer/beamerbasetwoscreens.sty
Package: beamerbasetwoscreens 2010/05/01  (rcs-revision efa082c6111d)
)
(/usr/local/texlive/2016/texmf-dist/tex/latex/beamer/beamerbaseoverlay.sty
Package: beamerbaseoverlay 2013/12/25  (rcs-revision f6bd5e3805da)
\beamer@argscount=\count126
\beamer@lastskipcover=\skip44
\beamer@trivlistdepth=\count127
)
(/usr/local/texlive/2016/texmf-dist/tex/latex/beamer/beamerbasetitle.sty
Package: beamerbasetitle 2010/09/21  (rcs-revision f0446ed0b6ae)
)
(/usr/local/texlive/2016/texmf-dist/tex/latex/beamer/beamerbasesection.sty
Package: beamerbasesection 2013/06/07  (rcs-revision 60b9fe0f342f)
\c@lecture=\count128
\c@part=\count129
\c@section=\count130
\c@subsection=\count131
\c@subsubsection=\count132
)
(/usr/local/texlive/2016/texmf-dist/tex/latex/beamer/beamerbaseframe.sty
Package: beamerbaseframe 2014/02/20  (rcs-revision 4b8ceeeff434)
\beamer@framebox=\box40
\beamer@frametitlebox=\box41
\beamer@zoombox=\box42
\beamer@zoomcount=\count133
\beamer@zoomframecount=\count134
\beamer@frametextheight=\dimen168
\c@subsectionslide=\count135
\beamer@frametopskip=\skip45
\beamer@framebottomskip=\skip46
\beamer@frametopskipautobreak=\skip47
\beamer@framebottomskipautobreak=\skip48
\beamer@envbody=\toks27
\framewidth=\dimen169
\c@framenumber=\count136
)
(/usr/local/texlive/2016/texmf-dist/tex/latex/beamer/beamerbaseverbatim.sty
Package: beamerbaseverbatim 2015/01/05  (rcs-revision 431510bb5890)
\beamer@verbatimfileout=\write4
)
(/usr/local/texlive/2016/texmf-dist/tex/latex/beamer/beamerbaseframesize.sty
Package: beamerbaseframesize 2011/09/12  (rcs-revision 70f9d8411e54)
\beamer@splitbox=\box43
\beamer@autobreakcount=\count137
\beamer@autobreaklastheight=\dimen170
\beamer@frametitletoks=\toks28
\beamer@framesubtitletoks=\toks29
)
(/usr/local/texlive/2016/texmf-dist/tex/latex/beamer/beamerbaseframecomponents.
sty
Package: beamerbaseframecomponents 2013/10/18  (rcs-revision 5cf6c5555a45)
\beamer@footins=\box44
) (/usr/local/texlive/2016/texmf-dist/tex/latex/beamer/beamerbasecolor.sty
Package: beamerbasecolor 2015/02/21  (rcs-revision d944b04ee2d5)
)
(/usr/local/texlive/2016/texmf-dist/tex/latex/beamer/beamerbasenotes.sty
Package: beamerbasenotes 2012/12/19  (rcs-revision 1686da3db3c9)
\beamer@frameboxcopy=\box45
)
(/usr/local/texlive/2016/texmf-dist/tex/latex/beamer/beamerbasetoc.sty
Package: beamerbasetoc 2015/03/08  (rcs-revision 7270298bbaae)
)
(/usr/local/texlive/2016/texmf-dist/tex/latex/beamer/beamerbasetemplates.sty
Package: beamerbasetemplates 2010/05/01  (rcs-revision efa082c6111d)
\beamer@sbttoks=\toks30

(/usr/local/texlive/2016/texmf-dist/tex/latex/beamer/beamerbaseauxtemplates.sty
Package: beamerbaseauxtemplates 2014/06/30  (rcs-revision 580088513a67)
(/usr/local/texlive/2016/texmf-dist/tex/latex/beamer/beamerbaseboxes.sty
Package: beamerbaseboxes 2012/05/13  (rcs-revision 56972908a390)
\bmb@box=\box46
\bmb@colorbox=\box47
\bmb@boxshadow=\box48
\bmb@boxshadowball=\box49
\bmb@boxshadowballlarge=\box50
\bmb@temp=\dimen171
\bmb@dima=\dimen172
\bmb@dimb=\dimen173
\bmb@prevheight=\dimen174
)
\beamer@blockheadheight=\dimen175
))
(/usr/local/texlive/2016/texmf-dist/tex/latex/beamer/beamerbaselocalstructure.s
ty
Package: beamerbaselocalstructure 2014/09/10  (rcs-revision 393f6dcff371)
 (/usr/local/texlive/2016/texmf-dist/tex/latex/tools/enumerate.sty
Package: enumerate 2015/07/23 v3.00 enumerate extensions (DPC)
\@enLab=\toks31
)
\c@figure=\count138
\c@table=\count139
\abovecaptionskip=\skip49
\belowcaptionskip=\skip50
)
(/usr/local/texlive/2016/texmf-dist/tex/latex/beamer/beamerbasenavigation.sty
Package: beamerbasenavigation 2015/02/27  (rcs-revision 923f4bf87efa)
\beamer@section@min@dim=\dimen176
)
(/usr/local/texlive/2016/texmf-dist/tex/latex/beamer/beamerbasetheorems.sty
Package: beamerbasetheorems 2010/06/06  (rcs-revision 7e7cc5e53e9d)

(/usr/local/texlive/2016/texmf-dist/tex/latex/amsmath/amsmath.sty
Package: amsmath 2016/03/10 v2.15b AMS math features
\@mathmargin=\skip51

For additional information on amsmath, use the `?' option.
(/usr/local/texlive/2016/texmf-dist/tex/latex/amsmath/amstext.sty
Package: amstext 2000/06/29 v2.01 AMS text

(/usr/local/texlive/2016/texmf-dist/tex/latex/amsmath/amsgen.sty
File: amsgen.sty 1999/11/30 v2.0 generic functions
\@emptytoks=\toks32
\ex@=\dimen177
))
(/usr/local/texlive/2016/texmf-dist/tex/latex/amsmath/amsbsy.sty
Package: amsbsy 1999/11/29 v1.2d Bold Symbols
\pmbraise@=\dimen178
)
(/usr/local/texlive/2016/texmf-dist/tex/latex/amsmath/amsopn.sty
Package: amsopn 2016/03/08 v2.02 operator names
)
\inf@bad=\count140
LaTeX Info: Redefining \frac on input line 199.
\uproot@=\count141
\leftroot@=\count142
LaTeX Info: Redefining \overline on input line 297.
\classnum@=\count143
\DOTSCASE@=\count144
LaTeX Info: Redefining \ldots on input line 394.
LaTeX Info: Redefining \dots on input line 397.
LaTeX Info: Redefining \cdots on input line 518.
\Mathstrutbox@=\box51
\strutbox@=\box52
\big@size=\dimen179
LaTeX Font Info:    Redeclaring font encoding OML on input line 634.
LaTeX Font Info:    Redeclaring font encoding OMS on input line 635.
\macc@depth=\count145
\c@MaxMatrixCols=\count146
\dotsspace@=\muskip11
\c@parentequation=\count147
\dspbrk@lvl=\count148
\tag@help=\toks33
\row@=\count149
\column@=\count150
\maxfields@=\count151
\andhelp@=\toks34
\eqnshift@=\dimen180
\alignsep@=\dimen181
\tagshift@=\dimen182
\tagwidth@=\dimen183
\totwidth@=\dimen184
\lineht@=\dimen185
\@envbody=\toks35
\multlinegap=\skip52
\multlinetaggap=\skip53
\mathdisplay@stack=\toks36
LaTeX Info: Redefining \[ on input line 2739.
LaTeX Info: Redefining \] on input line 2740.
)
(/usr/local/texlive/2016/texmf-dist/tex/latex/amscls/amsthm.sty
Package: amsthm 2015/03/04 v2.20.2
\thm@style=\toks37
\thm@bodyfont=\toks38
\thm@headfont=\toks39
\thm@notefont=\toks40
\thm@headpunct=\toks41
\thm@preskip=\skip54
\thm@postskip=\skip55
\thm@headsep=\skip56
\dth@everypar=\toks42
)
\c@theorem=\count152
)
(/usr/local/texlive/2016/texmf-dist/tex/latex/beamer/beamerbasethemes.sty
Package: beamerbasethemes 2010/05/01  (rcs-revision efa082c6111d)
))
(/usr/local/texlive/2016/texmf-dist/tex/latex/beamer/themes/theme/beamerthemede
fault.sty
Package: beamerthemedefault 2010/06/17  (rcs-revision d02a7cf4d8ae)

(/usr/local/texlive/2016/texmf-dist/tex/latex/beamer/themes/font/beamerfontthem
edefault.sty
Package: beamerfontthemedefault 2012/12/19  (rcs-revision 1686da3db3c9)
)
(/usr/local/texlive/2016/texmf-dist/tex/latex/beamer/themes/color/beamercolorth
emedefault.sty
Package: beamercolorthemedefault 2012/12/19  (rcs-revision 1686da3db3c9)
)
(/usr/local/texlive/2016/texmf-dist/tex/latex/beamer/themes/inner/beamerinnerth
emedefault.sty
Package: beamerinnerthemedefault 2014/06/30  (rcs-revision 580088513a67)
\beamer@dima=\dimen186
\beamer@dimb=\dimen187
)
(/usr/local/texlive/2016/texmf-dist/tex/latex/beamer/themes/outer/beamerouterth
emedefault.sty
Package: beamerouterthemedefault 2012/12/19  (rcs-revision 1686da3db3c9)
)))
(/usr/local/texlive/2016/texmf-dist/tex/latex/beamer/themes/theme/beamerthemeHa
nnover.sty
Package: beamerthemeHannover 2010/06/17  (rcs-revision d02a7cf4d8ae)

(/usr/local/texlive/2016/texmf-dist/tex/latex/beamer/themes/outer/beamerouterth
emesidebar.sty
Package: beamerouterthemesidebar 2010/06/17  (rcs-revision d02a7cf4d8ae)
\beamer@sidebarwidth=\dimen188
\beamer@headheight=\dimen189
)
(/usr/local/texlive/2016/texmf-dist/tex/latex/beamer/themes/color/beamercolorth
emeseahorse.sty
Package: beamercolorthemeseahorse 2010/06/17  (rcs-revision d02a7cf4d8ae)
)
(/usr/local/texlive/2016/texmf-dist/tex/latex/beamer/themes/inner/beamerinnerth
emecircles.sty
Package: beamerinnerthemecircles 2010/06/17  (rcs-revision d02a7cf4d8ae)
))
(/usr/local/texlive/2016/texmf-dist/tex/latex/beamer/themes/color/beamercolorth
emebeaver.sty
Package: beamercolorthemebeaver 2010/06/17  (rcs-revision d02a7cf4d8ae)
)
(/usr/local/texlive/2016/texmf-dist/tex/latex/beamer/themes/font/beamerfontthem
eprofessionalfonts.sty
Package: beamerfontthemeprofessionalfonts 2010/06/17  (rcs-revision d02a7cf4d8a
e)
))
(/usr/local/texlive/2016/texmf-dist/tex/latex/listings/listings.sty
\lst@mode=\count153
\lst@gtempboxa=\box53
\lst@token=\toks43
\lst@length=\count154
\lst@currlwidth=\dimen190
\lst@column=\count155
\lst@pos=\count156
\lst@lostspace=\dimen191
\lst@width=\dimen192
\lst@newlines=\count157
\lst@lineno=\count158
\lst@maxwidth=\dimen193

(/usr/local/texlive/2016/texmf-dist/tex/latex/listings/lstmisc.sty
File: lstmisc.sty 2015/06/04 1.6 (Carsten Heinz)
\c@lstnumber=\count159
\lst@skipnumbers=\count160
\lst@framebox=\box54
)
(/usr/local/texlive/2016/texmf-dist/tex/latex/listings/listings.cfg
File: listings.cfg 2015/06/04 1.6 listings configuration
))
Package: listings 2015/06/04 1.6 (Carsten Heinz)

(./lecture10.aux)
\openout1 = `lecture10.aux'.

LaTeX Font Info:    Checking defaults for OML/cmm/m/it on input line 51.
LaTeX Font Info:    ... okay on input line 51.
LaTeX Font Info:    Checking defaults for T1/cmr/m/n on input line 51.
LaTeX Font Info:    ... okay on input line 51.
LaTeX Font Info:    Checking defaults for OT1/cmr/m/n on input line 51.
LaTeX Font Info:    ... okay on input line 51.
LaTeX Font Info:    Checking defaults for OMS/cmsy/m/n on input line 51.
LaTeX Font Info:    ... okay on input line 51.
LaTeX Font Info:    Checking defaults for OMX/cmex/m/n on input line 51.
LaTeX Font Info:    ... okay on input line 51.
LaTeX Font Info:    Checking defaults for U/cmr/m/n on input line 51.
LaTeX Font Info:    ... okay on input line 51.
LaTeX Font Info:    Checking defaults for PD1/pdf/m/n on input line 51.
LaTeX Font Info:    ... okay on input line 51.

*geometry* driver: auto-detecting
*geometry* detected driver: pdftex
*geometry* verbose mode - [ preamble ] result:
* driver: pdftex
* paper: custom
* layout: <same size as paper>
* layoutoffset:(h,v)=(0.0pt,0.0pt)
* modes: includehead includefoot 
* h-part:(L,W,R)=(69.22636pt, 280.74263pt, 14.22636pt)
* v-part:(T,H,B)=(0.0pt, 273.14662pt, 0.0pt)
* \paperwidth=364.19536pt
* \paperheight=273.14662pt
* \textwidth=280.74263pt
* \textheight=244.6939pt
* \oddsidemargin=-3.04362pt
* \evensidemargin=-3.04362pt
* \topmargin=-72.26999pt
* \headheight=14.22636pt
* \headsep=0.0pt
* \topskip=12.0pt
* \footskip=14.22636pt
* \marginparwidth=4.0pt
* \marginparsep=10.0pt
* \columnsep=10.0pt
* \skip\footins=10.8pt plus 4.0pt minus 2.0pt
* \hoffset=0.0pt
* \voffset=0.0pt
* \mag=1000
* \@twocolumnfalse
* \@twosidefalse
* \@mparswitchfalse
* \@reversemarginfalse
* (1in=72.27pt=25.4mm, 1cm=28.453pt)

(/usr/local/texlive/2016/texmf-dist/tex/context/base/mkii/supp-pdf.mkii
[Loading MPS to PDF converter (version 2006.09.02).]
\scratchcounter=\count161
\scratchdimen=\dimen194
\scratchbox=\box55
\nofMPsegments=\count162
\nofMParguments=\count163
\everyMPshowfont=\toks44
\MPscratchCnt=\count164
\MPscratchDim=\dimen195
\MPnumerator=\count165
\makeMPintoPDFobject=\count166
\everyMPtoPDFconversion=\toks45
) (/usr/local/texlive/2016/texmf-dist/tex/latex/oberdiek/epstopdf-base.sty
Package: epstopdf-base 2016/05/15 v2.6 Base part for package epstopdf

(/usr/local/texlive/2016/texmf-dist/tex/latex/oberdiek/grfext.sty
Package: grfext 2016/05/16 v1.2 Manage graphics extensions (HO)
)
Package grfext Info: Graphics extension search list:
(grfext)             [.png,.pdf,.jpg,.mps,.jpeg,.jbig2,.jb2,.PNG,.PDF,.JPG,.JPE
G,.JBIG2,.JB2,.eps]
(grfext)             \AppendGraphicsExtensions on input line 456.

(/usr/local/texlive/2016/texmf-dist/tex/latex/latexconfig/epstopdf-sys.cfg
File: epstopdf-sys.cfg 2010/07/13 v1.3 Configuration of (r)epstopdf for TeX Liv
e
))
ABD: EveryShipout initializing macros
\AtBeginShipoutBox=\box56
Package hyperref Info: Link coloring OFF on input line 51.

(/usr/local/texlive/2016/texmf-dist/tex/latex/hyperref/nameref.sty
Package: nameref 2012/10/27 v2.43 Cross-referencing by name of section

(/usr/local/texlive/2016/texmf-dist/tex/generic/oberdiek/gettitlestring.sty
Package: gettitlestring 2016/05/16 v1.5 Cleanup title references (HO)
)
\c@section@level=\count167
)
LaTeX Info: Redefining \ref on input line 51.
LaTeX Info: Redefining \pageref on input line 51.
LaTeX Info: Redefining \nameref on input line 51.

(./lecture10.out) (./lecture10.out)
\@outlinefile=\write5
\openout5 = `lecture10.out'.


(/usr/local/texlive/2016/texmf-dist/tex/latex/beamer/translator/dicts/translato
r-basic-dictionary/translator-basic-dictionary-English.dict
Dictionary: translator-basic-dictionary, Language: English 
)
(/usr/local/texlive/2016/texmf-dist/tex/latex/beamer/translator/dicts/translato
r-bibliography-dictionary/translator-bibliography-dictionary-English.dict
Dictionary: translator-bibliography-dictionary, Language: English 
)
(/usr/local/texlive/2016/texmf-dist/tex/latex/beamer/translator/dicts/translato
r-environment-dictionary/translator-environment-dictionary-English.dict
Dictionary: translator-environment-dictionary, Language: English 
)
(/usr/local/texlive/2016/texmf-dist/tex/latex/beamer/translator/dicts/translato
r-months-dictionary/translator-months-dictionary-English.dict
Dictionary: translator-months-dictionary, Language: English 
)
(/usr/local/texlive/2016/texmf-dist/tex/latex/beamer/translator/dicts/translato
r-numbers-dictionary/translator-numbers-dictionary-English.dict
Dictionary: translator-numbers-dictionary, Language: English 
)
(/usr/local/texlive/2016/texmf-dist/tex/latex/beamer/translator/dicts/translato
r-theorem-dictionary/translator-theorem-dictionary-English.dict
Dictionary: translator-theorem-dictionary, Language: English 
)
LaTeX Info: Redefining \includegraphics on input line 51.
\c@lstlisting=\count168

(./lecture10.nav)

Package hyperref Warning: Option `pdfauthor' has already been used,
(hyperref)                setting the option has no effect on input line 54.

<fig/mcgill_logo.png, id=27, 1284.8pt x 303.1325pt>
File: fig/mcgill_logo.png Graphic file (type png)
 <use fig/mcgill_logo.png>
Package pdftex.def Info: fig/mcgill_logo.png used on input line 67.
(pdftex.def)             Requested size: 56.9055pt x 13.42297pt.
LaTeX Font Info:    Try loading font information for U+msa on input line 67.

(/usr/local/texlive/2016/texmf-dist/tex/latex/amsfonts/umsa.fd
File: umsa.fd 2013/01/14 v3.01 AMS symbols A
)
LaTeX Font Info:    Try loading font information for U+msb on input line 67.

(/usr/local/texlive/2016/texmf-dist/tex/latex/amsfonts/umsb.fd
File: umsb.fd 2013/01/14 v3.01 AMS symbols B
) [1

{/usr/local/texlive/2016/texmf-var/fonts/map/pdftex/updmap/pdftex.map} <./fig/m
cgill_logo.png>] (./lecture10.toc)

LaTeX Font Warning: Font shape `OT1/cmss/m/n' in size <4> not available
(Font)              size <5> substituted on input line 72.

[2

 <./fig/mcgill_logo.png>] <fig/aristotle.png, id=55, 81.30376pt x 108.405pt>
File: fig/aristotle.png Graphic file (type png)

<use fig/aristotle.png>
Package pdftex.def Info: fig/aristotle.png used on input line 80.
(pdftex.def)             Requested size: 140.3713pt x 187.1758pt.
 [3

 <./fig/aristotle.png>]
<fig/plant.png, id=65, 324.21124pt x 481.8pt>
File: fig/plant.png Graphic file (type png)
 <use fig/plant.png>
Package pdftex.def Info: fig/plant.png used on input line 84.
(pdftex.def)             Requested size: 140.3713pt x 208.60353pt.
 [4

 <./fig/plant.png>] <fig/animal.png, id=76, 1084.05pt x 651.43375pt>
File: fig/animal.png Graphic file (type png)
 <use fig/animal.png>
Package pdftex.def Info: fig/animal.png used on input line 88.
(pdftex.def)             Requested size: 140.3713pt x 84.3514pt.

[5

 <./fig/animal.png>] <fig/elephant.png, id=87, 443.6575pt x 461.725pt>
File: fig/elephant.png Graphic file (type png)

<use fig/elephant.png>
Package pdftex.def Info: fig/elephant.png used on input line 98.
(pdftex.def)             Requested size: 82.01442pt x 85.35826pt.
 <fig/bird.png, id=88, 227.85126pt x 285.065pt>
File: fig/bird.png Graphic file (type png)

<use fig/bird.png>
Package pdftex.def Info: fig/bird.png used on input line 98.
(pdftex.def)             Requested size: 68.22379pt x 85.35826pt.
 <fig/fish.png, id=89, 463.7325pt x 334.24875pt>
File: fig/fish.png Graphic file (type png)

<use fig/fish.png>
Package pdftex.def Info: fig/fish.png used on input line 98.
(pdftex.def)             Requested size: 118.42357pt x 85.35826pt.
 [6

 <./fig/elephant.png> <./fig/bird.png> <./fig/fish.png>]
File: fig/elephant.png Graphic file (type png)

<use fig/elephant.png>
Package pdftex.def Info: fig/elephant.png used on input line 98.
(pdftex.def)             Requested size: 82.01442pt x 85.35826pt.
File: fig/bird.png Graphic file (type png)
 <use fig/bird.png>
Package pdftex.def Info: fig/bird.png used on input line 98.
(pdftex.def)             Requested size: 68.22379pt x 85.35826pt.
File: fig/fish.png Graphic file (type png)
 <use fig/fish.png>
Package pdftex.def Info: fig/fish.png used on input line 98.
(pdftex.def)             Requested size: 118.42357pt x 85.35826pt.
 [7

]
File: fig/elephant.png Graphic file (type png)

<use fig/elephant.png>
Package pdftex.def Info: fig/elephant.png used on input line 98.
(pdftex.def)             Requested size: 82.01442pt x 85.35826pt.
File: fig/bird.png Graphic file (type png)
 <use fig/bird.png>
Package pdftex.def Info: fig/bird.png used on input line 98.
(pdftex.def)             Requested size: 68.22379pt x 85.35826pt.
File: fig/fish.png Graphic file (type png)
 <use fig/fish.png>
Package pdftex.def Info: fig/fish.png used on input line 98.
(pdftex.def)             Requested size: 118.42357pt x 85.35826pt.
 [8

]
<fig/avicenna.png, id=121, 270.00874pt x 385.44pt>
File: fig/avicenna.png Graphic file (type png)
 <use fig/avicenna.png>
Package pdftex.def Info: fig/avicenna.png used on input line 102.
(pdftex.def)             Requested size: 140.3713pt x 200.3829pt.

[9

 <./fig/avicenna.png>] <fig/mendeleev.png, id=132, 277.035pt x 386.44376pt>
File: fig/mendeleev.png Graphic file (type png)

<use fig/mendeleev.png>
Package pdftex.def Info: fig/mendeleev.png used on input line 109.
(pdftex.def)             Requested size: 81.58934pt x 113.81102pt.
 <fig/periodic1.png, id=133, 584.1825pt x 396.48125pt>
File: fig/periodic1.png Graphic file (type png)

<use fig/periodic1.png>
Package pdftex.def Info: fig/periodic1.png used on input line 109.
(pdftex.def)             Requested size: 167.6882pt x 113.81102pt.
 [10

 <./fig/mendeleev.png> <./fig/periodic1.png>]
File: fig/mendeleev.png Graphic file (type png)

<use fig/mendeleev.png>
Package pdftex.def Info: fig/mendeleev.png used on input line 109.
(pdftex.def)             Requested size: 81.58934pt x 113.81102pt.
File: fig/periodic1.png Graphic file (type png)
 <use fig/periodic1.png>
Package pdftex.def Info: fig/periodic1.png used on input line 109.
(pdftex.def)             Requested size: 167.6882pt x 113.81102pt.
 [11

]
<fig/periodic2.png, id=154, 643.40375pt x 362.35374pt>
File: fig/periodic2.png Graphic file (type png)
 <use fig/periodic2.png>
Package pdftex.def Info: fig/periodic2.png used on input line 113.
(pdftex.def)             Requested size: 252.66664pt x 142.29604pt.

[12

 <./fig/periodic2.png>]
<fig/artificial01.pdf, id=166, 455.7025pt x 534.99875pt>
File: fig/artificial01.pdf Graphic file (type pdf)

<use fig/artificial01.pdf>
Package pdftex.def Info: fig/artificial01.pdf used on input line 118.
(pdftex.def)             Requested size: 140.3713pt x 164.79482pt.
 [13

 <./fig/artificial01.pdf>]
<fig/artificial02.pdf, id=183, 455.7025pt x 534.99875pt>
File: fig/artificial02.pdf Graphic file (type pdf)

<use fig/artificial02.pdf>
Package pdftex.def Info: fig/artificial02.pdf used on input line 122.
(pdftex.def)             Requested size: 140.3713pt x 164.79482pt.
 [14

 <./fig/artificial02.pdf>]
<fig//kmeans101.pdf, id=199, 794.97pt x 614.295pt>
File: fig//kmeans101.pdf Graphic file (type pdf)
 <use fig//kmeans101.pdf>
Package pdftex.def Info: fig//kmeans101.pdf used on input line 130.
(pdftex.def)             Requested size: 196.51898pt x 151.85803pt.

[15

 <./fig//kmeans101.pdf, page is rotated 90 degrees>]
<fig//kmeans102.pdf, id=212, 794.97pt x 614.295pt>
File: fig//kmeans102.pdf Graphic file (type pdf)
 <use fig//kmeans102.pdf>
Package pdftex.def Info: fig//kmeans102.pdf used on input line 134.
(pdftex.def)             Requested size: 196.51898pt x 151.85803pt.

[16

 <./fig//kmeans102.pdf, page is rotated 90 degrees>]
<fig//kmeans103.pdf, id=226, 794.97pt x 614.295pt>
File: fig//kmeans103.pdf Graphic file (type pdf)
 <use fig//kmeans103.pdf>
Package pdftex.def Info: fig//kmeans103.pdf used on input line 138.
(pdftex.def)             Requested size: 196.51898pt x 151.85803pt.

[17

 <./fig//kmeans103.pdf, page is rotated 90 degrees>]
<fig//kmeans104.pdf, id=240, 794.97pt x 614.295pt>
File: fig//kmeans104.pdf Graphic file (type pdf)
 <use fig//kmeans104.pdf>
Package pdftex.def Info: fig//kmeans104.pdf used on input line 142.
(pdftex.def)             Requested size: 196.51898pt x 151.85803pt.

[18

 <./fig//kmeans104.pdf, page is rotated 90 degrees>]
<fig//kmeans105.pdf, id=254, 794.97pt x 614.295pt>
File: fig//kmeans105.pdf Graphic file (type pdf)
 <use fig//kmeans105.pdf>
Package pdftex.def Info: fig//kmeans105.pdf used on input line 146.
(pdftex.def)             Requested size: 196.51898pt x 151.85803pt.

[19

 <./fig//kmeans105.pdf, page is rotated 90 degrees>]
<fig//kmeans106.pdf, id=269, 794.97pt x 614.295pt>
File: fig//kmeans106.pdf Graphic file (type pdf)
 <use fig//kmeans106.pdf>
Package pdftex.def Info: fig//kmeans106.pdf used on input line 150.
(pdftex.def)             Requested size: 196.51898pt x 151.85803pt.

[20

 <./fig//kmeans106.pdf, page is rotated 90 degrees>]
File: fig//kmeans105.pdf Graphic file (type pdf)

<use fig//kmeans105.pdf>
Package pdftex.def Info: fig//kmeans105.pdf used on input line 154.
(pdftex.def)             Requested size: 196.51898pt x 151.85803pt.
 [21

]
<fig//kmeans201.pdf, id=293, 794.97pt x 614.295pt>
File: fig//kmeans201.pdf Graphic file (type pdf)
 <use fig//kmeans201.pdf>
Package pdftex.def Info: fig//kmeans201.pdf used on input line 159.
(pdftex.def)             Requested size: 196.51898pt x 151.85803pt.

[22

 <./fig//kmeans201.pdf, page is rotated 90 degrees>]
<fig//kmeans202.pdf, id=307, 794.97pt x 614.295pt>
File: fig//kmeans202.pdf Graphic file (type pdf)
 <use fig//kmeans202.pdf>
Package pdftex.def Info: fig//kmeans202.pdf used on input line 163.
(pdftex.def)             Requested size: 196.51898pt x 151.85803pt.

[23

 <./fig//kmeans202.pdf, page is rotated 90 degrees>]
<fig//kmeans203.pdf, id=321, 794.97pt x 614.295pt>
File: fig//kmeans203.pdf Graphic file (type pdf)
 <use fig//kmeans203.pdf>
Package pdftex.def Info: fig//kmeans203.pdf used on input line 167.
(pdftex.def)             Requested size: 196.51898pt x 151.85803pt.

[24

 <./fig//kmeans203.pdf, page is rotated 90 degrees>]
<fig//kmeans204.pdf, id=335, 794.97pt x 614.295pt>
File: fig//kmeans204.pdf Graphic file (type pdf)
 <use fig//kmeans204.pdf>
Package pdftex.def Info: fig//kmeans204.pdf used on input line 171.
(pdftex.def)             Requested size: 196.51898pt x 151.85803pt.

[25

 <./fig//kmeans204.pdf, page is rotated 90 degrees>]
<fig//kmeans205.pdf, id=350, 794.97pt x 614.295pt>
File: fig//kmeans205.pdf Graphic file (type pdf)
 <use fig//kmeans205.pdf>
Package pdftex.def Info: fig//kmeans205.pdf used on input line 175.
(pdftex.def)             Requested size: 196.51898pt x 151.85803pt.

[26

 <./fig//kmeans205.pdf, page is rotated 90 degrees>]
<fig//kmeans206.pdf, id=364, 794.97pt x 614.295pt>
File: fig//kmeans206.pdf Graphic file (type pdf)
 <use fig//kmeans206.pdf>
Package pdftex.def Info: fig//kmeans206.pdf used on input line 179.
(pdftex.def)             Requested size: 196.51898pt x 151.85803pt.

[27

 <./fig//kmeans206.pdf, page is rotated 90 degrees>]
File: fig//kmeans205.pdf Graphic file (type pdf)

<use fig//kmeans205.pdf>
Package pdftex.def Info: fig//kmeans205.pdf used on input line 183.
(pdftex.def)             Requested size: 196.51898pt x 151.85803pt.
 [28

]
File: fig//kmeans105.pdf Graphic file (type pdf)
 <use fig//kmeans105.pdf>
Package pdftex.def Info: fig//kmeans105.pdf used on input line 190.
(pdftex.def)             Requested size: 196.51898pt x 151.85803pt.
 [29

]
File: fig//kmeans205.pdf Graphic file (type pdf)

<use fig//kmeans205.pdf>
Package pdftex.def Info: fig//kmeans205.pdf used on input line 194.
(pdftex.def)             Requested size: 196.51898pt x 151.85803pt.
 [30

] [31

]
<fig/part2-1.pdf, id=426, 1206.5075pt x 358.33875pt>
File: fig/part2-1.pdf Graphic file (type pdf)
 <use fig/part2-1.pdf>
Package pdftex.def Info: fig/part2-1.pdf used on input line 223.
(pdftex.def)             Requested size: 280.74263pt x 83.37851pt.

<fig/abcd2-1.pdf, id=427, 796.9775pt x 597.23125pt>
File: fig/abcd2-1.pdf Graphic file (type pdf)
 <use fig/abcd2-1.pdf>
Package pdftex.def Info: fig/abcd2-1.pdf used on input line 223.
(pdftex.def)             Requested size: 140.3713pt x 105.18228pt.

[32

 <./fig/part2-1.pdf> <./fig/abcd2-1.pdf>]
<fig/part2-2.pdf, id=454, 1207.51125pt x 359.3425pt>
File: fig/part2-2.pdf Graphic file (type pdf)
 <use fig/part2-2.pdf>
Package pdftex.def Info: fig/part2-2.pdf used on input line 231.
(pdftex.def)             Requested size: 280.74263pt x 83.54626pt.

<fig/abcd2-2.pdf, id=455, 796.9775pt x 597.23125pt>
File: fig/abcd2-2.pdf Graphic file (type pdf)
 <use fig/abcd2-2.pdf>
Package pdftex.def Info: fig/abcd2-2.pdf used on input line 231.
(pdftex.def)             Requested size: 140.3713pt x 105.18228pt.

[33

 <./fig/part2-2.pdf> <./fig/abcd2-2.pdf>]
<fig/part2-3.pdf, id=479, 1207.51125pt x 359.3425pt>
File: fig/part2-3.pdf Graphic file (type pdf)
 <use fig/part2-3.pdf>
Package pdftex.def Info: fig/part2-3.pdf used on input line 238.
(pdftex.def)             Requested size: 280.74263pt x 83.54626pt.

<fig/abcd2-3.pdf, id=480, 796.9775pt x 597.23125pt>
File: fig/abcd2-3.pdf Graphic file (type pdf)
 <use fig/abcd2-3.pdf>
Package pdftex.def Info: fig/abcd2-3.pdf used on input line 238.
(pdftex.def)             Requested size: 140.3713pt x 105.18228pt.

[34

 <./fig/part2-3.pdf> <./fig/abcd2-3.pdf>]
<fig/part2-4.pdf, id=504, 1207.51125pt x 359.3425pt>
File: fig/part2-4.pdf Graphic file (type pdf)
 <use fig/part2-4.pdf>
Package pdftex.def Info: fig/part2-4.pdf used on input line 245.
(pdftex.def)             Requested size: 280.74263pt x 83.54626pt.

<fig/abcd2-4.pdf, id=505, 796.9775pt x 597.23125pt>
File: fig/abcd2-4.pdf Graphic file (type pdf)
 <use fig/abcd2-4.pdf>
Package pdftex.def Info: fig/abcd2-4.pdf used on input line 245.
(pdftex.def)             Requested size: 140.3713pt x 105.18228pt.

[35

 <./fig/part2-4.pdf> <./fig/abcd2-4.pdf>]
<fig/part2-5.pdf, id=529, 1207.51125pt x 359.3425pt>
File: fig/part2-5.pdf Graphic file (type pdf)
 <use fig/part2-5.pdf>
Package pdftex.def Info: fig/part2-5.pdf used on input line 252.
(pdftex.def)             Requested size: 280.74263pt x 83.54626pt.

<fig/abcd2-5.pdf, id=530, 796.9775pt x 597.23125pt>
File: fig/abcd2-5.pdf Graphic file (type pdf)
 <use fig/abcd2-5.pdf>
Package pdftex.def Info: fig/abcd2-5.pdf used on input line 252.
(pdftex.def)             Requested size: 140.3713pt x 105.18228pt.

[36

 <./fig/part2-5.pdf> <./fig/abcd2-5.pdf>]
<fig/part2-6.pdf, id=555, 1208.515pt x 360.34625pt>
File: fig/part2-6.pdf Graphic file (type pdf)
 <use fig/part2-6.pdf>
Package pdftex.def Info: fig/part2-6.pdf used on input line 259.
(pdftex.def)             Requested size: 280.74263pt x 83.70815pt.

<fig/abcd2-6.pdf, id=556, 796.9775pt x 597.23125pt>
File: fig/abcd2-6.pdf Graphic file (type pdf)
 <use fig/abcd2-6.pdf>
Package pdftex.def Info: fig/abcd2-6.pdf used on input line 259.
(pdftex.def)             Requested size: 140.3713pt x 105.18228pt.

[37

 <./fig/part2-6.pdf> <./fig/abcd2-6.pdf>]
<fig/part2-7.pdf, id=581, 1208.515pt x 360.34625pt>
File: fig/part2-7.pdf Graphic file (type pdf)
 <use fig/part2-7.pdf>
Package pdftex.def Info: fig/part2-7.pdf used on input line 266.
(pdftex.def)             Requested size: 280.74263pt x 83.70815pt.

<fig/abcd2-7.pdf, id=582, 796.9775pt x 597.23125pt>
File: fig/abcd2-7.pdf Graphic file (type pdf)
 <use fig/abcd2-7.pdf>
Package pdftex.def Info: fig/abcd2-7.pdf used on input line 266.
(pdftex.def)             Requested size: 140.3713pt x 105.18228pt.

[38

 <./fig/part2-7.pdf> <./fig/abcd2-7.pdf>]
<fig/part3-1.pdf, id=606, 1208.515pt x 360.34625pt>
File: fig/part3-1.pdf Graphic file (type pdf)
 <use fig/part3-1.pdf>
Package pdftex.def Info: fig/part3-1.pdf used on input line 273.
(pdftex.def)             Requested size: 280.74263pt x 83.70815pt.

<fig/abcd3-1.pdf, id=607, 796.9775pt x 597.23125pt>
File: fig/abcd3-1.pdf Graphic file (type pdf)
 <use fig/abcd3-1.pdf>
Package pdftex.def Info: fig/abcd3-1.pdf used on input line 273.
(pdftex.def)             Requested size: 140.3713pt x 105.18228pt.

[39

 <./fig/part3-1.pdf> <./fig/abcd3-1.pdf>]
<fig/part3-2.pdf, id=631, 1208.515pt x 360.34625pt>
File: fig/part3-2.pdf Graphic file (type pdf)
 <use fig/part3-2.pdf>
Package pdftex.def Info: fig/part3-2.pdf used on input line 280.
(pdftex.def)             Requested size: 280.74263pt x 83.70815pt.

<fig/abcd3-2.pdf, id=632, 796.9775pt x 597.23125pt>
File: fig/abcd3-2.pdf Graphic file (type pdf)
 <use fig/abcd3-2.pdf>
Package pdftex.def Info: fig/abcd3-2.pdf used on input line 280.
(pdftex.def)             Requested size: 140.3713pt x 105.18228pt.

[40

 <./fig/part3-2.pdf> <./fig/abcd3-2.pdf>]
<fig/part3-3.pdf, id=656, 1207.51125pt x 359.3425pt>
File: fig/part3-3.pdf Graphic file (type pdf)
 <use fig/part3-3.pdf>
Package pdftex.def Info: fig/part3-3.pdf used on input line 287.
(pdftex.def)             Requested size: 280.74263pt x 83.54626pt.

<fig/abcd3-3.pdf, id=657, 796.9775pt x 597.23125pt>
File: fig/abcd3-3.pdf Graphic file (type pdf)
 <use fig/abcd3-3.pdf>
Package pdftex.def Info: fig/abcd3-3.pdf used on input line 287.
(pdftex.def)             Requested size: 140.3713pt x 105.18228pt.

[41

 <./fig/part3-3.pdf> <./fig/abcd3-3.pdf>]
<fig/part3-4.pdf, id=681, 1207.51125pt x 359.3425pt>
File: fig/part3-4.pdf Graphic file (type pdf)
 <use fig/part3-4.pdf>
Package pdftex.def Info: fig/part3-4.pdf used on input line 294.
(pdftex.def)             Requested size: 280.74263pt x 83.54626pt.

<fig/abcd3-4.pdf, id=682, 796.9775pt x 597.23125pt>
File: fig/abcd3-4.pdf Graphic file (type pdf)
 <use fig/abcd3-4.pdf>
Package pdftex.def Info: fig/abcd3-4.pdf used on input line 294.
(pdftex.def)             Requested size: 140.3713pt x 105.18228pt.

[42

 <./fig/part3-4.pdf> <./fig/abcd3-4.pdf>]
<fig/part3-5.pdf, id=707, 1207.51125pt x 359.3425pt>
File: fig/part3-5.pdf Graphic file (type pdf)
 <use fig/part3-5.pdf>
Package pdftex.def Info: fig/part3-5.pdf used on input line 301.
(pdftex.def)             Requested size: 280.74263pt x 83.54626pt.

<fig/abcd3-5.pdf, id=708, 796.9775pt x 597.23125pt>
File: fig/abcd3-5.pdf Graphic file (type pdf)
 <use fig/abcd3-5.pdf>
Package pdftex.def Info: fig/abcd3-5.pdf used on input line 301.
(pdftex.def)             Requested size: 140.3713pt x 105.18228pt.

[43

 <./fig/part3-5.pdf> <./fig/abcd3-5.pdf>]
<fig/part3-6.pdf, id=733, 1207.51125pt x 359.3425pt>
File: fig/part3-6.pdf Graphic file (type pdf)
 <use fig/part3-6.pdf>
Package pdftex.def Info: fig/part3-6.pdf used on input line 308.
(pdftex.def)             Requested size: 280.74263pt x 83.54626pt.

<fig/abcd3-6.pdf, id=734, 796.9775pt x 597.23125pt>
File: fig/abcd3-6.pdf Graphic file (type pdf)
 <use fig/abcd3-6.pdf>
Package pdftex.def Info: fig/abcd3-6.pdf used on input line 308.
(pdftex.def)             Requested size: 140.3713pt x 105.18228pt.

[44

 <./fig/part3-6.pdf> <./fig/abcd3-6.pdf>]
<fig/part4-1.pdf, id=758, 1206.5075pt x 358.33875pt>
File: fig/part4-1.pdf Graphic file (type pdf)
 <use fig/part4-1.pdf>
Package pdftex.def Info: fig/part4-1.pdf used on input line 315.
(pdftex.def)             Requested size: 280.74263pt x 83.37851pt.

<fig/abcd4-1.pdf, id=759, 796.9775pt x 597.23125pt>
File: fig/abcd4-1.pdf Graphic file (type pdf)
 <use fig/abcd4-1.pdf>
Package pdftex.def Info: fig/abcd4-1.pdf used on input line 315.
(pdftex.def)             Requested size: 140.3713pt x 105.18228pt.

[45

 <./fig/part4-1.pdf> <./fig/abcd4-1.pdf>]
<fig/hc_direction.png, id=783, 803.0pt x 390.45876pt>
File: fig/hc_direction.png Graphic file (type png)

<use fig/hc_direction.png>
Package pdftex.def Info: fig/hc_direction.png used on input line 320.
(pdftex.def)             Requested size: 280.74263pt x 136.51366pt.
 [46

 <./fig/hc_direction.png>]
<fig/ahc_fig.png, id=794, 592.37704pt x 517.73753pt>
File: fig/ahc_fig.png Graphic file (type png)
 <use fig/ahc_fig.png>
Package pdftex.def Info: fig/ahc_fig.png used on input line 325.
(pdftex.def)             Requested size: 252.66664pt x 220.82948pt.

[47

 <./fig/ahc_fig.png>] <fig/ahc_dendro.png, id=805, 674.52pt x 499.8675pt>
File: fig/ahc_dendro.png Graphic file (type png)

<use fig/ahc_dendro.png>
Package pdftex.def Info: fig/ahc_dendro.png used on input line 330.
(pdftex.def)             Requested size: 252.66664pt x 187.24391pt.
 [48

 <./fig/ahc_dendro.png (PNG copy)>]
<fig/linkage.png, id=815, 270.00874pt x 185.69376pt>
File: fig/linkage.png Graphic file (type png)
 <use fig/linkage.png>
Package pdftex.def Info: fig/linkage.png used on input line 334.
(pdftex.def)             Requested size: 140.3713pt x 96.53864pt.

[49

 <./fig/linkage.png>] <fig/zip_cluster.png, id=826, 385.44pt x 252.945pt>
File: fig/zip_cluster.png Graphic file (type png)

<use fig/zip_cluster.png>
Package pdftex.def Info: fig/zip_cluster.png used on input line 339.
(pdftex.def)             Requested size: 252.66664pt x 165.80948pt.
 [50

 <./fig/zip_cluster.png>]
<fig/zip_class.png, id=838, 385.44pt x 252.945pt>
File: fig/zip_class.png Graphic file (type png)
 <use fig/zip_class.png>
Package pdftex.def Info: fig/zip_class.png used on input line 343.
(pdftex.def)             Requested size: 252.66664pt x 165.80948pt.

[51

 <./fig/zip_class.png>] <fig/cat.png, id=849, 364.36125pt x 252.945pt>
File: fig/cat.png Graphic file (type png)

<use fig/cat.png>
Package pdftex.def Info: fig/cat.png used on input line 347.
(pdftex.def)             Requested size: 252.66664pt x 175.40451pt.
 [52

 <./fig/cat.png>]
<fig/cat_margin.png, id=860, 365.365pt x 252.945pt>
File: fig/cat_margin.png Graphic file (type png)
 <use fig/cat_margin.png>
Package pdftex.def Info: fig/cat_margin.png used on input line 351.
(pdftex.def)             Requested size: 252.66664pt x 174.92206pt.

[53

 <./fig/cat_margin.png>]
<fig/cat_cluster.png, id=871, 364.36125pt x 252.945pt>
File: fig/cat_cluster.png Graphic file (type png)

<use fig/cat_cluster.png>
Package pdftex.def Info: fig/cat_cluster.png used on input line 355.
(pdftex.def)             Requested size: 252.66664pt x 175.40451pt.
 [54

 <./fig/cat_cluster.png>]
\openout4 = `lecture10.vrb'.

 (./lecture10.vrb
Overfull \hbox (2.31392pt too wide) in paragraph at lines 10--11
[][][][][][][][][][][][][][][][][][][][][][][][] 
 []

) [55

]
\tf@nav=\write6
\openout6 = `lecture10.nav'.

\tf@toc=\write7
\openout7 = `lecture10.toc'.

\tf@snm=\write8
\openout8 = `lecture10.snm'.

Package atveryend Info: Empty hook `BeforeClearDocument' on input line 427.
Package atveryend Info: Empty hook `AfterLastShipout' on input line 427.
 (./lecture10.aux)
Package atveryend Info: Executing hook `AtVeryEndDocument' on input line 427.
Package atveryend Info: Executing hook `AtEndAfterFileList' on input line 427.
Package rerunfilecheck Info: File `lecture10.out' has not changed.
(rerunfilecheck)             Checksum: 8BF20BF58D5A7EA1BD0E651FDDE248E0;147.


LaTeX Font Warning: Size substitutions with differences
(Font)              up to 1.0pt have occurred.

Package atveryend Info: Empty hook `AtVeryVeryEnd' on input line 427.
 ) 
Here is how much of TeX's memory you used:
 18407 strings out of 493014
 348344 string characters out of 6133351
 439275 words of memory out of 5000000
 21346 multiletter control sequences out of 15000+600000
 11031 words of font info for 41 fonts, out of 8000000 for 9000
 1141 hyphenation exceptions out of 8191
 58i,17n,56p,426b,941s stack positions out of 5000i,500n,10000p,200000b,80000s
</usr/local/texlive/2016/texmf-dist/fonts/type1/public/amsfonts/cm/cmbx12.pfb
></usr/local/texlive/2016/texmf-dist/fonts/type1/public/amsfonts/cm/cmex10.pfb>
</usr/local/texlive/2016/texmf-dist/fonts/type1/public/amsfonts/cm/cmmi12.pfb><
/usr/local/texlive/2016/texmf-dist/fonts/type1/public/amsfonts/cm/cmmi6.pfb></u
sr/local/texlive/2016/texmf-dist/fonts/type1/public/amsfonts/cm/cmmi8.pfb></usr
/local/texlive/2016/texmf-dist/fonts/type1/public/amsfonts/cm/cmr12.pfb></usr/l
ocal/texlive/2016/texmf-dist/fonts/type1/public/amsfonts/cm/cmr8.pfb></usr/loca
l/texlive/2016/texmf-dist/fonts/type1/public/amsfonts/cm/cmss10.pfb></usr/local
/texlive/2016/texmf-dist/fonts/type1/public/amsfonts/cm/cmss12.pfb></usr/local/
texlive/2016/texmf-dist/fonts/type1/public/amsfonts/cm/cmss17.pfb></usr/local/t
exlive/2016/texmf-dist/fonts/type1/public/amsfonts/cm/cmss8.pfb></usr/local/tex
live/2016/texmf-dist/fonts/type1/public/amsfonts/cm/cmsy10.pfb></usr/local/texl
ive/2016/texmf-dist/fonts/type1/public/amsfonts/cm/cmsy6.pfb></usr/local/texliv
e/2016/texmf-dist/fonts/type1/public/amsfonts/cm/cmsy8.pfb></usr/local/texlive/
2016/texmf-dist/fonts/type1/urw/helvetic/uhvr8a.pfb></usr/local/texlive/2016/te
xmf-dist/fonts/type1/urw/times/utmr8a.pfb>
Output written on lecture10.pdf (55 pages, 4748862 bytes).
PDF statistics:
 968 PDF objects out of 1000 (max. 8388607)
 739 compressed objects within 8 object streams
 114 named destinations out of 1000 (max. 500000)
 382 words of extra memory for PDF output out of 10000 (max. 10000000)

